[2026-03-01T09:05:18.572+0000] {taskinstance.py:1956} INFO - Dependencies all met for dep_context=non-requeueable deps ti=<TaskInstance: retail_sales_pipeline.transform manual__2026-03-01T09:04:55.966545+00:00 [queued]>
[2026-03-01T09:05:18.604+0000] {taskinstance.py:1956} INFO - Dependencies all met for dep_context=requeueable deps ti=<TaskInstance: retail_sales_pipeline.transform manual__2026-03-01T09:04:55.966545+00:00 [queued]>
[2026-03-01T09:05:18.606+0000] {taskinstance.py:2170} INFO - Starting attempt 1 of 2
[2026-03-01T09:05:18.654+0000] {taskinstance.py:2191} INFO - Executing <Task(PythonOperator): transform> on 2026-03-01 09:04:55.966545+00:00
[2026-03-01T09:05:18.672+0000] {standard_task_runner.py:60} INFO - Started process 1988 to run task
[2026-03-01T09:05:18.685+0000] {standard_task_runner.py:87} INFO - Running: ['***', 'tasks', 'run', 'retail_sales_pipeline', 'transform', 'manual__2026-03-01T09:04:55.966545+00:00', '--job-id', '6', '--raw', '--subdir', 'DAGS_FOLDER/retail_sales_dag.py', '--cfg-path', '/tmp/tmpjxvdnc4k']
[2026-03-01T09:05:18.696+0000] {standard_task_runner.py:88} INFO - Job 6: Subtask transform
[2026-03-01T09:05:18.866+0000] {task_command.py:423} INFO - Running <TaskInstance: retail_sales_pipeline.transform manual__2026-03-01T09:04:55.966545+00:00 [running]> on host df16e36cbf62
[2026-03-01T09:05:19.270+0000] {taskinstance.py:2480} INFO - Exporting env vars: AIRFLOW_CTX_DAG_OWNER='rithesh' AIRFLOW_CTX_DAG_ID='retail_sales_pipeline' AIRFLOW_CTX_TASK_ID='transform' AIRFLOW_CTX_EXECUTION_DATE='2026-03-01T09:04:55.966545+00:00' AIRFLOW_CTX_TRY_NUMBER='1' AIRFLOW_CTX_DAG_RUN_ID='manual__2026-03-01T09:04:55.966545+00:00'
[2026-03-01T09:05:19.278+0000] {logging_mixin.py:188} INFO - Starting transformation...
[2026-03-01T09:05:19.281+0000] {logging_mixin.py:188} INFO - === Starting Transformation ===
[2026-03-01T09:05:19.284+0000] {connection.py:370} INFO - Snowflake Connector for Python Version: 3.6.0, Python Version: 3.8.18, Platform: Linux-6.6.87.2-microsoft-standard-WSL2-x86_64-with-glibc2.34
[2026-03-01T09:05:19.291+0000] {connection.py:1171} INFO - This connection is in OCSP Fail Open Mode. TLS Certificates would be checked for validity and revocation status. Any other Certificate Revocation related exceptions or OCSP Responder failures would be disregarded in favor of connectivity.
[2026-03-01T09:05:20.834+0000] {cursor.py:1028} INFO - query: [USE WAREHOUSE retail_wh]
[2026-03-01T09:05:20.925+0000] {cursor.py:1041} INFO - query execution done
[2026-03-01T09:05:20.929+0000] {cursor.py:1205} INFO - Number of results in first chunk: 1
[2026-03-01T09:05:20.931+0000] {cursor.py:1028} INFO - query: [USE DATABASE retail_db]
[2026-03-01T09:05:21.070+0000] {cursor.py:1041} INFO - query execution done
[2026-03-01T09:05:21.072+0000] {cursor.py:1205} INFO - Number of results in first chunk: 1
[2026-03-01T09:05:21.076+0000] {cursor.py:1028} INFO - query: [USE SCHEMA raw]
[2026-03-01T09:05:21.171+0000] {cursor.py:1041} INFO - query execution done
[2026-03-01T09:05:21.177+0000] {cursor.py:1205} INFO - Number of results in first chunk: 1
[2026-03-01T09:05:21.229+0000] {logging_mixin.py:188} INFO - Connected to Snowflake successfully.
[2026-03-01T09:05:21.233+0000] {logging_mixin.py:188} INFO - Truncating existing summary data...
[2026-03-01T09:05:21.236+0000] {cursor.py:1028} INFO - query: [TRUNCATE TABLE retail_db.transformed.sales_summary]
[2026-03-01T09:05:21.514+0000] {cursor.py:1041} INFO - query execution done
[2026-03-01T09:05:21.520+0000] {cursor.py:1205} INFO - Number of results in first chunk: 1
[2026-03-01T09:05:21.527+0000] {logging_mixin.py:188} INFO - Truncation complete.
[2026-03-01T09:05:21.534+0000] {logging_mixin.py:188} INFO - Running transformation query...
[2026-03-01T09:05:21.545+0000] {cursor.py:1028} INFO - query: [INSERT INTO retail_db.transformed.sales_summary ( order_date, category, city, to...]
[2026-03-01T09:05:22.124+0000] {cursor.py:1041} INFO - query execution done
[2026-03-01T09:05:22.130+0000] {logging_mixin.py:188} INFO - Transformation query executed successfully.
[2026-03-01T09:05:22.133+0000] {cursor.py:1028} INFO - query: [SELECT COUNT(*) FROM retail_db.transformed.sales_summary]
[2026-03-01T09:05:22.250+0000] {cursor.py:1041} INFO - query execution done
[2026-03-01T09:05:22.251+0000] {cursor.py:1205} INFO - Number of results in first chunk: 1
[2026-03-01T09:05:22.254+0000] {logging_mixin.py:188} INFO - Total rows in sales_summary after transformation: 1674
[2026-03-01T09:05:22.256+0000] {cursor.py:1028} INFO - query: [SELECT category, SUM(total_revenue) as total_revenue, SUM(total_orders) as total...]
[2026-03-01T09:05:22.417+0000] {cursor.py:1041} INFO - query execution done
[2026-03-01T09:05:22.423+0000] {cursor.py:1205} INFO - Number of results in first chunk: 5
[2026-03-01T09:05:22.428+0000] {logging_mixin.py:188} INFO - 
Top categories by revenue:
[2026-03-01T09:05:22.433+0000] {logging_mixin.py:188} INFO - Category               Total Revenue    Total Orders
[2026-03-01T09:05:22.437+0000] {logging_mixin.py:188} INFO - --------------------------------------------------
[2026-03-01T09:05:22.446+0000] {logging_mixin.py:188} INFO - Electronics            45,215,000.00             350
[2026-03-01T09:05:22.450+0000] {logging_mixin.py:188} INFO - Furniture              19,480,500.00             401
[2026-03-01T09:05:22.454+0000] {logging_mixin.py:188} INFO - Clothing                3,124,400.00             387
[2026-03-01T09:05:22.459+0000] {logging_mixin.py:188} INFO - Sports                  1,525,900.00             357
[2026-03-01T09:05:22.465+0000] {logging_mixin.py:188} INFO - Groceries                 271,425.00             343
[2026-03-01T09:05:22.468+0000] {connection.py:718} INFO - closed
[2026-03-01T09:05:22.552+0000] {connection.py:724} INFO - No async queries seem to be running, deleting session
[2026-03-01T09:05:22.627+0000] {logging_mixin.py:188} INFO - 
Connection closed.
[2026-03-01T09:05:22.633+0000] {logging_mixin.py:188} INFO - 
=== Transformation Complete ===
[2026-03-01T09:05:22.636+0000] {logging_mixin.py:188} INFO - Transformation complete.
[2026-03-01T09:05:22.638+0000] {python.py:201} INFO - Done. Returned value was: None
[2026-03-01T09:05:22.716+0000] {taskinstance.py:1138} INFO - Marking task as SUCCESS. dag_id=retail_sales_pipeline, task_id=transform, execution_date=20260301T090455, start_date=20260301T090518, end_date=20260301T090522
[2026-03-01T09:05:22.909+0000] {local_task_job_runner.py:234} INFO - Task exited with return code 0
[2026-03-01T09:05:22.972+0000] {taskinstance.py:3280} INFO - 1 downstream tasks scheduled from follow-on schedule check
