[2026-03-01T09:05:01.642+0000] {taskinstance.py:1956} INFO - Dependencies all met for dep_context=non-requeueable deps ti=<TaskInstance: retail_sales_pipeline.generate_and_load manual__2026-03-01T09:04:55.966545+00:00 [queued]>
[2026-03-01T09:05:01.670+0000] {taskinstance.py:1956} INFO - Dependencies all met for dep_context=requeueable deps ti=<TaskInstance: retail_sales_pipeline.generate_and_load manual__2026-03-01T09:04:55.966545+00:00 [queued]>
[2026-03-01T09:05:01.672+0000] {taskinstance.py:2170} INFO - Starting attempt 1 of 2
[2026-03-01T09:05:01.705+0000] {taskinstance.py:2191} INFO - Executing <Task(PythonOperator): generate_and_load> on 2026-03-01 09:04:55.966545+00:00
[2026-03-01T09:05:01.720+0000] {standard_task_runner.py:60} INFO - Started process 1985 to run task
[2026-03-01T09:05:01.732+0000] {standard_task_runner.py:87} INFO - Running: ['***', 'tasks', 'run', 'retail_sales_pipeline', 'generate_and_load', 'manual__2026-03-01T09:04:55.966545+00:00', '--job-id', '5', '--raw', '--subdir', 'DAGS_FOLDER/retail_sales_dag.py', '--cfg-path', '/tmp/tmp51fq5kb1']
[2026-03-01T09:05:01.741+0000] {standard_task_runner.py:88} INFO - Job 5: Subtask generate_and_load
[2026-03-01T09:05:01.893+0000] {task_command.py:423} INFO - Running <TaskInstance: retail_sales_pipeline.generate_and_load manual__2026-03-01T09:04:55.966545+00:00 [running]> on host df16e36cbf62
[2026-03-01T09:05:02.143+0000] {taskinstance.py:2480} INFO - Exporting env vars: AIRFLOW_CTX_DAG_OWNER='rithesh' AIRFLOW_CTX_DAG_ID='retail_sales_pipeline' AIRFLOW_CTX_TASK_ID='generate_and_load' AIRFLOW_CTX_EXECUTION_DATE='2026-03-01T09:04:55.966545+00:00' AIRFLOW_CTX_TRY_NUMBER='1' AIRFLOW_CTX_DAG_RUN_ID='manual__2026-03-01T09:04:55.966545+00:00'
[2026-03-01T09:05:02.147+0000] {logging_mixin.py:188} INFO - Starting data generation and load...
[2026-03-01T09:05:02.257+0000] {logging_mixin.py:188} INFO - Data saved to /opt/***/data/sales_data.csv
[2026-03-01T09:05:02.260+0000] {logging_mixin.py:188} INFO - Total records generated: 1000
[2026-03-01T09:05:02.262+0000] {logging_mixin.py:188} INFO - Columns: ['order_id', 'customer_id', 'product_id', 'product_name', 'category', 'quantity', 'unit_price', 'total_amount', 'order_date', 'city', 'country', 'payment_method', 'status']
[2026-03-01T09:05:02.265+0000] {logging_mixin.py:188} INFO - 
Sample of first 3 records:
[2026-03-01T09:05:02.424+0000] {logging_mixin.py:188} INFO -    order_id customer_id product_id  ... country    payment_method     status
0  ORD00001    CUST0314     PRD023  ...   India  Cash on Delivery  Completed
1  ORD00002    CUST0240     PRD025  ...   India        Debit Card    Pending
2  ORD00003    CUST0430     PRD008  ...   India        Debit Card  Completed

[3 rows x 13 columns]
[2026-03-01T09:05:02.428+0000] {logging_mixin.py:188} INFO - 
Connecting to Snowflake...
[2026-03-01T09:05:02.431+0000] {connection.py:370} INFO - Snowflake Connector for Python Version: 3.6.0, Python Version: 3.8.18, Platform: Linux-6.6.87.2-microsoft-standard-WSL2-x86_64-with-glibc2.34
[2026-03-01T09:05:02.441+0000] {connection.py:1171} INFO - This connection is in OCSP Fail Open Mode. TLS Certificates would be checked for validity and revocation status. Any other Certificate Revocation related exceptions or OCSP Responder failures would be disregarded in favor of connectivity.
[2026-03-01T09:05:03.819+0000] {cursor.py:1028} INFO - query: [USE WAREHOUSE retail_wh]
[2026-03-01T09:05:03.944+0000] {cursor.py:1041} INFO - query execution done
[2026-03-01T09:05:03.952+0000] {cursor.py:1205} INFO - Number of results in first chunk: 1
[2026-03-01T09:05:03.957+0000] {cursor.py:1028} INFO - query: [USE DATABASE retail_db]
[2026-03-01T09:05:04.078+0000] {cursor.py:1041} INFO - query execution done
[2026-03-01T09:05:04.080+0000] {cursor.py:1205} INFO - Number of results in first chunk: 1
[2026-03-01T09:05:04.082+0000] {cursor.py:1028} INFO - query: [USE SCHEMA raw]
[2026-03-01T09:05:04.174+0000] {cursor.py:1041} INFO - query execution done
[2026-03-01T09:05:04.175+0000] {cursor.py:1205} INFO - Number of results in first chunk: 1
[2026-03-01T09:05:04.177+0000] {logging_mixin.py:188} INFO - Connected. Loading data into Snowflake...
[2026-03-01T09:05:04.707+0000] {cursor.py:1028} INFO - query: [INSERT INTO retail_db.raw.sales ( order_id, customer_id, product_id, product_nam...]
[2026-03-01T09:05:13.836+0000] {cursor.py:1041} INFO - query execution done
[2026-03-01T09:05:13.857+0000] {cursor.py:1028} INFO - query: [COMMIT]
[2026-03-01T09:05:13.942+0000] {cursor.py:1041} INFO - query execution done
[2026-03-01T09:05:13.944+0000] {cursor.py:1205} INFO - Number of results in first chunk: 1
[2026-03-01T09:05:13.946+0000] {logging_mixin.py:188} INFO - Successfully loaded 1000 records into retail_db.raw.sales
[2026-03-01T09:05:13.948+0000] {cursor.py:1028} INFO - query: [SELECT COUNT(*) FROM retail_db.raw.sales]
[2026-03-01T09:05:14.086+0000] {cursor.py:1041} INFO - query execution done
[2026-03-01T09:05:14.090+0000] {cursor.py:1205} INFO - Number of results in first chunk: 1
[2026-03-01T09:05:14.098+0000] {logging_mixin.py:188} INFO - Total records now in Snowflake table: 3000
[2026-03-01T09:05:14.101+0000] {connection.py:718} INFO - closed
[2026-03-01T09:05:14.187+0000] {connection.py:724} INFO - No async queries seem to be running, deleting session
[2026-03-01T09:05:14.272+0000] {logging_mixin.py:188} INFO - Connection closed.
[2026-03-01T09:05:14.277+0000] {logging_mixin.py:188} INFO - Data generation and load complete.
[2026-03-01T09:05:14.280+0000] {python.py:201} INFO - Done. Returned value was: None
[2026-03-01T09:05:14.327+0000] {taskinstance.py:1138} INFO - Marking task as SUCCESS. dag_id=retail_sales_pipeline, task_id=generate_and_load, execution_date=20260301T090455, start_date=20260301T090501, end_date=20260301T090514
[2026-03-01T09:05:14.507+0000] {local_task_job_runner.py:234} INFO - Task exited with return code 0
[2026-03-01T09:05:14.636+0000] {taskinstance.py:3280} INFO - 1 downstream tasks scheduled from follow-on schedule check
